<?xml version="1.0" encoding="UTF-8"?>
<!-- Generated by org.testng.reporters.JUnitReportReporter -->
<testsuite hostname="IN1W7L-522261" name="tests.WDTest" tests="2" failures="0" timestamp="28 Sep 2014 06:53:57 GMT" time="10.238" errors="0">
  <testcase name="startTest" time="3.404" classname="tests.WDTest"/>
  <testcase name="startTest" time="6.834" classname="tests.WDTest"/>
</testsuite> <!-- tests.WDTest -->
